***************************************************************************************************
Started processing at [07/24/2018 18:33:35].
***************************************************************************************************

Running script version [1.1].

***************************************************************************************************

[07/24/2018 18:33:38]:Initiated the process for Configure cluster..
[07/24/2018 18:33:38]:Reading the information from the sheet CLS-Config
[07/24/2018 18:33:38]:Getting vCenter credentials from sheet VCDetails
[07/24/2018 18:33:39]:Connecting to vCenter
[07/24/2018 18:33:59]:Creating Datacenter : DC01
[07/24/2018 18:33:59]:Creating Cluster : Mgmt-CLS
[07/24/2018 18:34:00]:Configuring Cluster : Mgmt-CLS
[07/24/2018 18:34:00]:Enabling DRS in Cluster.....
[07/24/2018 18:34:03]:Configuring DRS MigrationThreshold for the Cluster..... Priority 1
[07/24/2018 18:34:03]:Configure predictive DRS..... not available......
[07/24/2018 18:34:03]:Configure Virtual machine automation..... not available......
[07/24/2018 18:34:03]:Configure Memory Metric for Load Balancing, CPU Over-Commitment..... not available......
[07/24/2018 18:34:03]:Configure VM distribution..... not available......
[07/24/2018 18:34:03]:Configure Power Mgmt/DPM Threshold...... Off : Priority 1
[07/24/2018 18:34:03]:Configure DRS is completed.....
[07/24/2018 18:34:03]:Configure HA..... Disable
[07/24/2018 18:34:03]:Configure HA is completed.....
[07/24/2018 18:34:03]:Configure EVC mode..... Enable EVC for Intel Hosts : 
[07/24/2018 18:34:04]:Enabled EVCMode..... Enable EVC for Intel Hosts
[07/24/2018 18:34:04]:Completed configuration for cluster: Mgmt-CLS .....
[07/24/2018 18:34:04]:------------------------------------------------------------ 
[07/24/2018 18:34:21]:Creating Datacenter : DC02
[07/24/2018 18:34:21]:Creating Cluster : Comp-CLS01
[07/24/2018 18:34:21]:Configuring Cluster : Comp-CLS01
[07/24/2018 18:34:21]:Enabling DRS in Cluster.....
[07/24/2018 18:34:25]:Configuring DRS MigrationThreshold for the Cluster..... Priority 1
[07/24/2018 18:34:25]:Configure predictive DRS..... not available......
[07/24/2018 18:34:25]:Configure Virtual machine automation..... not available......
[07/24/2018 18:34:25]:Configure Memory Metric for Load Balancing, CPU Over-Commitment..... not available......
[07/24/2018 18:34:25]:Configure VM distribution..... not available......
[07/24/2018 18:34:25]:Configure Power Mgmt/DPM Threshold...... Off : Priority 5
[07/24/2018 18:34:25]:Configure DRS is completed.....
[07/24/2018 18:34:25]:Configure HA..... Enable
[07/24/2018 18:34:25]:Enabling HA/HA isolation response.....
[07/24/2018 18:34:28]:Configure HostMonitoring and VM monitoring..... Disable : Disable
[07/24/2018 18:34:28]:Updating VM monitoring -> Heartbeat monitoring sensitivity..... 
 
                        Failure Interval 30 , Max Failures 3, Max reset time window no window, Min uptime 120
[07/24/2018 18:34:28]:Proactive HA failure and responces..... not available......
[07/24/2018 18:34:28]:Configure Admission control..... Slot Policy(powered-on VMs)
[07/24/2018 18:34:28]:Configure Heartbeat datastores..... Automatically select datastores accessible from the host
[07/24/2018 18:34:28]:Configure HA is completed.....
[07/24/2018 18:34:28]:Configure EVC mode..... Enable EVC for AMD Hosts : 
[07/24/2018 18:34:28]:Enabled EVCMode..... Enable EVC for AMD Hosts
[07/24/2018 18:34:28]:Completed configuration for cluster: Comp-CLS01 .....
[07/24/2018 18:34:28]:------------------------------------------------------------ 
[07/24/2018 18:34:45]:Datacenter is available : DC02
[07/24/2018 18:34:45]:Creating Cluster : VDINU-CLS01
[07/24/2018 18:34:45]:Configuring Cluster : VDINU-CLS01
[07/24/2018 18:34:45]:Enabling DRS in Cluster.....
[07/24/2018 18:34:48]:Configuring DRS MigrationThreshold for the Cluster..... Priority 2
[07/24/2018 18:34:48]:Configure predictive DRS..... not available......
[07/24/2018 18:34:48]:Configure Virtual machine automation..... not available......
[07/24/2018 18:34:48]:Configure Memory Metric for Load Balancing, CPU Over-Commitment..... not available......
[07/24/2018 18:34:48]:Configure VM distribution..... not available......
[07/24/2018 18:34:48]:Configure Power Mgmt/DPM Threshold...... Off : Priority 3
[07/24/2018 18:34:48]:Configure DRS is completed.....
[07/24/2018 18:34:48]:Configure HA..... Enable
[07/24/2018 18:34:48]:Enabling HA/HA isolation response.....
[07/24/2018 18:34:51]:Configure HostMonitoring and VM monitoring..... Disable : Enable
[07/24/2018 18:34:52]:Updating VM monitoring -> Heartbeat monitoring sensitivity..... 
 
                        Failure Interval 30 , Max Failures 3, Max reset time window no window, Min uptime 120
[07/24/2018 18:34:52]:Proactive HA failure and responces..... not available......
[07/24/2018 18:34:52]:Configure Admission control..... Slot Policy(powered-on VMs)
[07/24/2018 18:34:52]:Configure Heartbeat datastores..... Automatically select datastores accessible from the host
[07/24/2018 18:34:52]:Configure HA is completed.....
[07/24/2018 18:34:52]:Configure EVC mode..... Disable EVC : 
[07/24/2018 18:34:52]:EVCMode already disabled.....
[07/24/2018 18:34:52]:Completed configuration for cluster: VDINU-CLS01 .....
[07/24/2018 18:34:52]:------------------------------------------------------------ 
[07/24/2018 18:34:52]:All clusters are configured.....
[07/24/2018 18:34:52]:Closing to vCenter session
[07/24/2018 18:34:52]:Initiated the process for adding host to cluster.....
[07/24/2018 18:34:52]:Reading the information from the sheet AddHost
[07/24/2018 18:34:52]:Connecting to vCenter
[07/24/2018 18:34:56]:Adding host ipesxi01.sg.local to vCenter  to cluster Mgmt-CLS..... 
[07/24/2018 18:35:05]:Added host ipesxi01.sg.local to cluster Mgmt-CLS.....
[07/24/2018 18:35:06]:Adding host ipesxi02.sg.local to vCenter  to cluster Comp-CLS01..... 
[07/24/2018 18:35:14]:Added host ipesxi02.sg.local to cluster Comp-CLS01.....
[07/24/2018 18:35:15]:Adding host ipesxi03.sg.local to vCenter  to cluster Comp-CLS01..... 
[07/24/2018 18:35:23]:Added host ipesxi03.sg.local to cluster Comp-CLS01.....
[07/24/2018 18:35:23]:Closing to vCenter session
[07/24/2018 18:35:23]:All hosts are added to respective clusters.....
[07/24/2018 18:35:23]:Initiated the process for configuring hosts.....
[07/24/2018 18:35:23]:Reading DNS, NTP details.....
[07/24/2018 18:35:24]:DNS - 192.168.1.230,192.168.1.240 , Domain - sg.local, NTP - 192.168.1.230,192.168.1.240 .....
[07/24/2018 18:35:24]:Reading the information from the sheet HostSettings
[07/24/2018 18:35:24]:Connecting to vCenter
[07/24/2018 18:35:32]:Configuring host..... ipesxi01.sg.local
[07/24/2018 18:35:32]:Host entering maintenance mode.....
[07/24/2018 18:35:32]:Configure DNS servers..... 192.168.1.230,192.168.1.240
[07/24/2018 18:35:33]:Configure join domain account..... sg.local \ sg.local\administrator
[07/24/2018 18:35:33]:Configure NTP settings..... Enabled
[07/24/2018 18:35:33]:Configure syslog..... 192.168.1.230
[07/24/2018 18:35:34]:Configure IPV6..... Disable
[07/24/2018 18:35:35]:Configure SSH Service..... Disable
[07/24/2018 18:35:35]:Configure ESXi Shell Service..... Disable
[07/24/2018 18:35:36]:Configure ESXi Shell timeout..... 900
[07/24/2018 18:35:36]:Configure ESXi Shell interactive timeout..... 900
[07/24/2018 18:35:36]:Finished configuring host ipesxi01.sg.local.....
[07/24/2018 18:35:36]:Exiting host from maintenance mode..... ipesxi01.sg.local
[07/24/2018 18:35:37]:------------------------------------------------------------ 
[07/24/2018 18:35:42]:Configuring host..... ipesxi02.sg.local
[07/24/2018 18:35:42]:Host entering maintenance mode.....
[07/24/2018 18:35:42]:Configure DNS servers..... 192.168.1.230,192.168.1.240
[07/24/2018 18:35:42]:Configure join domain account..... sg.local \ sg.local\administrator
[07/24/2018 18:35:42]:Configure NTP settings..... Enabled
[07/24/2018 18:35:43]:Configure syslog..... 192.168.1.230
[07/24/2018 18:35:44]:Configure IPV6..... Disable
[07/24/2018 18:35:44]:Configure SSH Service..... Disable
[07/24/2018 18:35:45]:Configure ESXi Shell Service..... Disable
[07/24/2018 18:35:45]:Configure ESXi Shell timeout..... 900
[07/24/2018 18:35:45]:Configure ESXi Shell interactive timeout..... 900
[07/24/2018 18:35:46]:Finished configuring host ipesxi02.sg.local.....
[07/24/2018 18:35:46]:Exiting host from maintenance mode..... ipesxi02.sg.local
[07/24/2018 18:36:12]:------------------------------------------------------------ 
[07/24/2018 18:36:17]:Configuring host..... ipesxi03.sg.local
[07/24/2018 18:36:17]:Host entering maintenance mode.....
[07/24/2018 18:36:17]:Configure DNS servers..... 192.168.1.230,192.168.1.240
[07/24/2018 18:36:17]:Configure join domain account..... sg.local \ sg.local\administrator
[07/24/2018 18:36:17]:Configure NTP settings..... Enabled
[07/24/2018 18:36:18]:Configure syslog..... 192.168.1.230
[07/24/2018 18:36:19]:Configure IPV6..... Disable
[07/24/2018 18:36:20]:Configure SSH Service..... Disable
[07/24/2018 18:36:20]:Configure ESXi Shell Service..... Disable
[07/24/2018 18:36:20]:Configure ESXi Shell timeout..... 900
[07/24/2018 18:36:21]:Configure ESXi Shell interactive timeout..... 900
[07/24/2018 18:36:21]:Finished configuring host ipesxi03.sg.local.....
[07/24/2018 18:36:21]:Exiting host from maintenance mode..... ipesxi03.sg.local
[07/24/2018 18:36:27]:------------------------------------------------------------ 
[07/24/2018 18:36:27]:All hosts are configured.....
[07/24/2018 18:36:27]:Closing to vCenter session
[07/24/2018 18:36:27]:Initiated the process for creating vmk.....
[07/24/2018 18:36:27]:Reading the information from the sheet Createvmk
[07/24/2018 18:36:27]:Connecting to vCenter
[07/24/2018 18:36:34]:Creating vmk for..... ipesxi01.sg.local
[07/24/2018 18:36:34]:Checking if vswitch vSwitch0 already exists..... 
[07/24/2018 18:36:34]:Switch already exists - vSwitch0..... 
[07/24/2018 18:36:34]:Creating vmk (with PG, vswitch, IP, subnet)..... 
[07/24/2018 18:36:35]:Configuring enabled service for vmk vMotion..... 
[07/24/2018 18:36:37]:Configuring vLAN id for vmk.....
[07/24/2018 18:36:37]:Finished configuring vmk for host ipesxi01.sg.local.....
[07/24/2018 18:36:37]:------------------------------------------------------------ 
[07/24/2018 18:36:40]:Creating vmk for..... ipesxi01.sg.local
[07/24/2018 18:36:41]:Checking if vswitch vSwitch1 already exists..... 
[07/24/2018 18:36:41]:Creating new switch vSwitch1..... 
[07/24/2018 18:36:41]:Creating vmk (with PG, vswitch, IP, subnet)..... 
[07/24/2018 18:36:42]:Configuring enabled service for vmk Fault Tolerance logging..... 
[07/24/2018 18:36:43]:Configuring vLAN id for vmk.....
[07/24/2018 18:36:43]:Finished configuring vmk for host ipesxi01.sg.local.....
[07/24/2018 18:36:43]:------------------------------------------------------------ 
[07/24/2018 18:36:47]:Creating vmk for..... ipesxi02.sg.local
[07/24/2018 18:36:47]:Checking if vswitch vSwitch0 already exists..... 
[07/24/2018 18:36:47]:Switch already exists - vSwitch0..... 
[07/24/2018 18:36:47]:Creating vmk (with PG, vswitch, IP, subnet)..... 
[07/24/2018 18:36:48]:Configuring enabled service for vmk vMotion..... 
[07/24/2018 18:36:49]:Configuring vLAN id for vmk.....
[07/24/2018 18:36:49]:Finished configuring vmk for host ipesxi02.sg.local.....
[07/24/2018 18:36:49]:------------------------------------------------------------ 
[07/24/2018 18:36:53]:Creating vmk for..... ipesxi02.sg.local
[07/24/2018 18:36:53]:Checking if vswitch vSwitch1 already exists..... 
[07/24/2018 18:36:53]:Creating new switch vSwitch1..... 
[07/24/2018 18:36:53]:Creating vmk (with PG, vswitch, IP, subnet)..... 
[07/24/2018 18:36:54]:Configuring enabled service for vmk Fault Tolerance logging..... 
[07/24/2018 18:36:56]:Configuring vLAN id for vmk.....
[07/24/2018 18:36:56]:Finished configuring vmk for host ipesxi02.sg.local.....
[07/24/2018 18:36:56]:------------------------------------------------------------ 
[07/24/2018 18:37:00]:Creating vmk for..... ipesxi03.sg.local
[07/24/2018 18:37:00]:Checking if vswitch vSwitch0 already exists..... 
[07/24/2018 18:37:00]:Switch already exists - vSwitch0..... 
[07/24/2018 18:37:00]:Creating vmk (with PG, vswitch, IP, subnet)..... 
[07/24/2018 18:37:01]:Configuring enabled service for vmk vMotion..... 
[07/24/2018 18:37:02]:Configuring vLAN id for vmk.....
[07/24/2018 18:37:02]:Finished configuring vmk for host ipesxi03.sg.local.....
[07/24/2018 18:37:02]:------------------------------------------------------------ 
[07/24/2018 18:37:06]:Creating vmk for..... ipesxi03.sg.local
[07/24/2018 18:37:06]:Checking if vswitch vSwitch1 already exists..... 
[07/24/2018 18:37:06]:Creating new switch vSwitch1..... 
[07/24/2018 18:37:07]:Creating vmk (with PG, vswitch, IP, subnet)..... 
[07/24/2018 18:37:08]:Configuring enabled service for vmk Fault Tolerance logging..... 
[07/24/2018 18:37:09]:Configuring vLAN id for vmk.....
[07/24/2018 18:37:09]:Finished configuring vmk for host ipesxi03.sg.local.....
[07/24/2018 18:37:09]:------------------------------------------------------------ 
[07/24/2018 18:37:09]:All hosts vmk are configured.....
[07/24/2018 18:37:09]:Closing to vCenter session
[07/24/2018 18:37:09]:Initiated the process for creating vSS PG.....
[07/24/2018 18:37:09]:Reading the information from the sheet Create-vSS-PG
[07/24/2018 18:37:09]:Connecting to vCenter
[07/24/2018 18:37:15]:Creating vSS PG for..... ipesxi01.sg.local
[07/24/2018 18:37:15]:Checking if vswitch vSwitch0 already exists..... 
[07/24/2018 18:37:15]:Switch already exists - vSwitch0..... 
[07/24/2018 18:37:15]:Finished configuring vSS PG for host ipesxi01.sg.local.....
[07/24/2018 18:37:15]:------------------------------------------------------------ 
[07/24/2018 18:37:17]:Creating vSS PG for..... ipesxi02.sg.local
[07/24/2018 18:37:17]:Checking if vswitch vSwitch0 already exists..... 
[07/24/2018 18:37:17]:Switch already exists - vSwitch0..... 
[07/24/2018 18:37:17]:Finished configuring vSS PG for host ipesxi02.sg.local.....
[07/24/2018 18:37:17]:------------------------------------------------------------ 
[07/24/2018 18:37:19]:Creating vSS PG for..... ipesxi03.sg.local
[07/24/2018 18:37:19]:Checking if vswitch vSwitch0 already exists..... 
[07/24/2018 18:37:19]:Switch already exists - vSwitch0..... 
[07/24/2018 18:37:19]:Finished configuring vSS PG for host ipesxi03.sg.local.....
[07/24/2018 18:37:19]:------------------------------------------------------------ 
[07/24/2018 18:37:21]:Creating vSS PG for..... ipesxi01.sg.local
[07/24/2018 18:37:21]:Checking if vswitch vSwitch1 already exists..... 
[07/24/2018 18:37:21]:Switch already exists - vSwitch1..... 
[07/24/2018 18:37:21]:Finished configuring vSS PG for host ipesxi01.sg.local.....
[07/24/2018 18:37:21]:------------------------------------------------------------ 
[07/24/2018 18:37:23]:Creating vSS PG for..... ipesxi02.sg.local
[07/24/2018 18:37:23]:Checking if vswitch vSwitch1 already exists..... 
[07/24/2018 18:37:23]:Switch already exists - vSwitch1..... 
[07/24/2018 18:37:23]:Finished configuring vSS PG for host ipesxi02.sg.local.....
[07/24/2018 18:37:23]:------------------------------------------------------------ 
[07/24/2018 18:37:25]:Creating vSS PG for..... ipesxi03.sg.local
[07/24/2018 18:37:25]:Checking if vswitch vSwitch1 already exists..... 
[07/24/2018 18:37:25]:Switch already exists - vSwitch1..... 
[07/24/2018 18:37:25]:Finished configuring vSS PG for host ipesxi03.sg.local.....
[07/24/2018 18:37:25]:------------------------------------------------------------ 
[07/24/2018 18:37:25]:All hosts vmk are configured.....
[07/24/2018 18:37:25]:Closing to vCenter session
[07/24/2018 18:37:25]:Initiated the process for Add and Configure of Distributed Switch..
[07/24/2018 18:37:25]:Reading the information from the sheet CreatevDS
[07/24/2018 18:37:25]:Closing to vCenter session
[07/24/2018 18:37:25]:Connecting to vCenter
[07/24/2018 18:37:31]:Checking the vDSwitch with name Harsh_vdSwitch is exists
[07/24/2018 18:37:31]:Creating new vDSwitch with name Harsh_vdSwitch
[07/24/2018 18:37:31]:Configure vDSwitch with name Harsh_vdSwitch version as 5.5.0
[07/24/2018 18:37:37]:Failed to Configure vDSwitch with name Harsh_vdSwitch version as 5.5.0, it may be because of the provided version is incompatible with the vCenter version
[07/24/2018 18:37:37]:Configure vDSwitch with name Harsh_vdSwitch Number of Uplink Ports as 4
[07/24/2018 18:37:40]:Configure vDSwitch with name Harsh_vdSwitch MTU as 1800
[07/24/2018 18:37:43]:Configure vDSwitch with name Harsh_vdSwitch Network I/O Control as Enable
[07/24/2018 18:37:43]:Configure vDSwitch with name Harsh_vdSwitch LinkDiscoveryProtocol and LinkDiscoveryProtocolOperation as Cisco and Advertise
[07/24/2018 18:37:46]:Initiated the process for Add and Configure of Datastore cluster..
[07/24/2018 18:37:46]:Reading the information from the sheet NewDSCLS
[07/24/2018 18:37:46]:Connecting to vCenter
[07/24/2018 18:37:55]:Adding new datastore cluster with name harsh_ds_cluster
[07/24/2018 18:37:55]:Setting datastore cluster (harsh_ds_cluster) storage DRS level as No Automation(Manual mode)
[07/24/2018 18:37:58]:Configure I/O metric for SDRS recommendations for the datastore cluster (harsh_ds_cluster)
[07/24/2018 18:38:00]:Configure SpaceUtilizationThresholdPercent for the datastore cluster (harsh_ds_cluster)
[07/24/2018 18:38:02]:Configure IOLatencyThresholdMillisecond for the datastore cluster (harsh_ds_cluster)
[07/24/2018 18:38:06]:Closing to vCenter session
[07/24/2018 18:38:06]:Initiated the process for Add and Configure of Distributed portgroup..
[07/24/2018 18:38:06]:Reading the information from the sheet vDS-PG
[07/24/2018 18:38:06]:Closing to vCenter session
[07/24/2018 18:38:06]:Connecting to vCenter
[07/24/2018 18:38:18]:Creating new portgroup called harsh_test_portgroup under the switch Harsh_vdSwitch
[07/24/2018 18:38:19]:Configure portgroup (harsh_test_portgroup) port binding as Static
[07/24/2018 18:38:20]:Configure portgroup (harsh_test_portgroup) VLAN as VLAN
[07/24/2018 18:38:22]:Configure portgroup (harsh_test_portgroup) promiscuousMode as Reject
[07/24/2018 18:38:24]:Configure portgroup (harsh_test_portgroup) Mac Address Change mode as Accept
[07/24/2018 18:38:26]:Configure portgroup (harsh_test_portgroup) Forged Transmits mode as Reject
[07/24/2018 18:38:28]:Configure Load Balancing Policy for the portgroup harsh_test_portgroup as Use Explicit Failover Order
[07/24/2018 18:38:30]:Configure Failure Detection policy for the portgroup harsh_test_portgroup as Beacon Probing
[07/24/2018 18:38:32]:Configure Notify Switches policy for the portgroup harsh_test_portgroup as Yes
[07/24/2018 18:38:35]:Configure failback policy for the portgroup harsh_test_portgroup as No
[07/24/2018 18:38:37]:Adding uplink1,uplink2 as active uplinks for the portgroup harsh_test_portgroup
[07/24/2018 18:38:39]:Adding uplink3 as standby uplinks for the portgroup harsh_test_portgroup
[07/24/2018 18:38:41]:Adding uplink4 as unused uplinks for the portgroup harsh_test_portgroup
[07/24/2018 18:38:43]:Configuring Traffic Shaping policy for the portgroup harsh_test_portgroup as Inbound Enabled
[07/24/2018 18:38:55]:Creating new portgroup called harsh_test_portgroup2 under the switch Harsh_vdSwitch
[07/24/2018 18:38:57]:Configure portgroup (harsh_test_portgroup2) port binding as Ephemeral
[07/24/2018 18:38:58]:Configure portgroup (harsh_test_portgroup2) VLAN as VLAN Trunking
[07/24/2018 18:38:58]:Configure portgroup (harsh_test_portgroup2) promiscuousMode as Accept
[07/24/2018 18:39:00]:Configure portgroup (harsh_test_portgroup2) Mac Address Change mode as Accept
[07/24/2018 18:39:02]:Configure portgroup (harsh_test_portgroup2) Forged Transmits mode as Accept
[07/24/2018 18:39:04]:Configure Load Balancing Policy for the portgroup harsh_test_portgroup2 as Route Based on IP Hash
[07/24/2018 18:39:07]:Configure Failure Detection policy for the portgroup harsh_test_portgroup2 as Link Status Only
[07/24/2018 18:39:09]:Configure Notify Switches policy for the portgroup harsh_test_portgroup2 as Yes
[07/24/2018 18:39:11]:Configure failback policy for the portgroup harsh_test_portgroup2 as No
[07/24/2018 18:39:13]:Adding uplink1,uplink3 as active uplinks for the portgroup harsh_test_portgroup2
[07/24/2018 18:39:15]:Adding uplink2 as standby uplinks for the portgroup harsh_test_portgroup2
[07/24/2018 18:39:17]:Adding uplink4 as unused uplinks for the portgroup harsh_test_portgroup2
[07/24/2018 18:39:20]:Configuring Traffic Shaping policy for the portgroup harsh_test_portgroup2 as Disabled
